# JRE version: Java(TM) SE Runtime Environment (8.0_201-b09) (build 1.8.0_201-b09)
# Java VM: Java HotSpot(TM) 64-Bit Server VM (25.201-b09 mixed mode linux-amd64 compressed oops)
Heap:
 PSYoungGen      total 137728K, used 11760K [0x00000000eb700000, 0x00000000f4a00000, 0x0000000100000000)
  eden space 125952K, 0% used [0x00000000eb700000,0x00000000eb700000,0x00000000f3200000)
  from space 11776K, 99% used [0x00000000f3200000,0x00000000f3d7c010,0x00000000f3d80000)
  to   space 10752K, 0% used [0x00000000f3d80000,0x00000000f3d80000,0x00000000f4800000)
 ParOldGen       total 42496K, used 19905K [0x00000000c2400000, 0x00000000c4d80000, 0x00000000eb700000)
  object space 42496K, 46% used [0x00000000c2400000,0x00000000c3770730,0x00000000c4d80000)
 Metaspace       used 19032K, capacity 19644K, committed 19840K, reserved 1067008K
  class space    used 2183K, capacity 2338K, committed 2432K, reserved 1048576K
GC Heap History (10 events):
Event: 0,961 GC heap after
Heap after GC invocations=2 (full 0):
 PSYoungGen      total 34304K, used 2544K [0x00000000eb700000, 0x00000000edb00000, 0x0000000100000000)
  eden space 31744K, 0% used [0x00000000eb700000,0x00000000eb700000,0x00000000ed600000)
  from space 2560K, 99% used [0x00000000ed880000,0x00000000edafc010,0x00000000edb00000)
  to   space 2560K, 0% used [0x00000000ed600000,0x00000000ed600000,0x00000000ed880000)
 ParOldGen       total 42496K, used 1034K [0x00000000c2400000, 0x00000000c4d80000, 0x00000000eb700000)
  object space 42496K, 2% used [0x00000000c2400000,0x00000000c2502990,0x00000000c4d80000)
 Metaspace       used 8022K, capacity 8220K, committed 8320K, reserved 1056768K
  class space    used 1000K, capacity 1080K, committed 1152K, reserved 1048576K
}
Event: 1,387 GC heap before
{Heap before GC invocations=3 (full 0):
 PSYoungGen      total 34304K, used 34288K [0x00000000eb700000, 0x00000000edb00000, 0x0000000100000000)
  eden space 31744K, 100% used [0x00000000eb700000,0x00000000ed600000,0x00000000ed600000)
  from space 2560K, 99% used [0x00000000ed880000,0x00000000edafc010,0x00000000edb00000)
  to   space 2560K, 0% used [0x00000000ed600000,0x00000000ed600000,0x00000000ed880000)
 ParOldGen       total 42496K, used 1034K [0x00000000c2400000, 0x00000000c4d80000, 0x00000000eb700000)
  object space 42496K, 2% used [0x00000000c2400000,0x00000000c2502990,0x00000000c4d80000)
 Metaspace       used 11720K, capacity 11848K, committed 12160K, reserved 1060864K
  class space    used 1474K, capacity 1540K, committed 1664K, reserved 1048576K
Event: 1,404 GC heap after
Heap after GC invocations=3 (full 0):
 PSYoungGen      total 34304K, used 2544K [0x00000000eb700000, 0x00000000efa00000, 0x0000000100000000)
  eden space 31744K, 0% used [0x00000000eb700000,0x00000000eb700000,0x00000000ed600000)
  from space 2560K, 99% used [0x00000000ed600000,0x00000000ed87c010,0x00000000ed880000)
  to   space 2560K, 0% used [0x00000000ef780000,0x00000000ef780000,0x00000000efa00000)
 ParOldGen       total 42496K, used 5349K [0x00000000c2400000, 0x00000000c4d80000, 0x00000000eb700000)
  object space 42496K, 12% used [0x00000000c2400000,0x00000000c2939518,0x00000000c4d80000)
 Metaspace       used 11720K, capacity 11848K, committed 12160K, reserved 1060864K
  class space    used 1474K, capacity 1540K, committed 1664K, reserved 1048576K
}
Event: 1,922 GC heap before
{Heap before GC invocations=4 (full 0):
 PSYoungGen      total 34304K, used 34288K [0x00000000eb700000, 0x00000000efa00000, 0x0000000100000000)
  eden space 31744K, 100% used [0x00000000eb700000,0x00000000ed600000,0x00000000ed600000)
  from space 2560K, 99% used [0x00000000ed600000,0x00000000ed87c010,0x00000000ed880000)
  to   space 2560K, 0% used [0x00000000ef780000,0x00000000ef780000,0x00000000efa00000)
 ParOldGen       total 42496K, used 5349K [0x00000000c2400000, 0x00000000c4d80000, 0x00000000eb700000)
  object space 42496K, 12% used [0x00000000c2400000,0x00000000c2939518,0x00000000c4d80000)
 Metaspace       used 14719K, capacity 14916K, committed 15360K, reserved 1062912K
  class space    used 1834K, capacity 1934K, committed 2048K, reserved 1048576K
Event: 1,930 GC heap after
Heap after GC invocations=4 (full 0):
 PSYoungGen      total 66048K, used 2560K [0x00000000eb700000, 0x00000000efa00000, 0x0000000100000000)
  eden space 63488K, 0% used [0x00000000eb700000,0x00000000eb700000,0x00000000ef500000)
  from space 2560K, 100% used [0x00000000ef780000,0x00000000efa00000,0x00000000efa00000)
  to   space 2560K, 0% used [0x00000000ef500000,0x00000000ef500000,0x00000000ef780000)
 ParOldGen       total 42496K, used 7990K [0x00000000c2400000, 0x00000000c4d80000, 0x00000000eb700000)
  object space 42496K, 18% used [0x00000000c2400000,0x00000000c2bcda48,0x00000000c4d80000)
 Metaspace       used 14719K, capacity 14916K, committed 15360K, reserved 1062912K
  class space    used 1834K, capacity 1934K, committed 2048K, reserved 1048576K
}
Event: 2,800 GC heap before
{Heap before GC invocations=5 (full 0):
 PSYoungGen      total 66048K, used 66048K [0x00000000eb700000, 0x00000000efa00000, 0x0000000100000000)
  eden space 63488K, 100% used [0x00000000eb700000,0x00000000ef500000,0x00000000ef500000)
  from space 2560K, 100% used [0x00000000ef780000,0x00000000efa00000,0x00000000efa00000)
  to   space 2560K, 0% used [0x00000000ef500000,0x00000000ef500000,0x00000000ef780000)
 ParOldGen       total 42496K, used 7990K [0x00000000c2400000, 0x00000000c4d80000, 0x00000000eb700000)
  object space 42496K, 18% used [0x00000000c2400000,0x00000000c2bcda48,0x00000000c4d80000)
 Metaspace       used 16586K, capacity 16828K, committed 17024K, reserved 1064960K
  class space    used 1994K, capacity 2072K, committed 2176K, reserved 1048576K
Event: 2,832 GC heap after
Heap after GC invocations=5 (full 0):
 PSYoungGen      total 66048K, used 2528K [0x00000000eb700000, 0x00000000f4800000, 0x0000000100000000)
  eden space 63488K, 0% used [0x00000000eb700000,0x00000000eb700000,0x00000000ef500000)
  from space 2560K, 98% used [0x00000000ef500000,0x00000000ef778040,0x00000000ef780000)
  to   space 10752K, 0% used [0x00000000f3d80000,0x00000000f3d80000,0x00000000f4800000)
 ParOldGen       total 42496K, used 15642K [0x00000000c2400000, 0x00000000c4d80000, 0x00000000eb700000)
  object space 42496K, 36% used [0x00000000c2400000,0x00000000c3346898,0x00000000c4d80000)
 Metaspace       used 16586K, capacity 16828K, committed 17024K, reserved 1064960K
  class space    used 1994K, capacity 2072K, committed 2176K, reserved 1048576K
}
Event: 3,416 GC heap before
{Heap before GC invocations=6 (full 0):
 PSYoungGen      total 66048K, used 66016K [0x00000000eb700000, 0x00000000f4800000, 0x0000000100000000)
  eden space 63488K, 100% used [0x00000000eb700000,0x00000000ef500000,0x00000000ef500000)
  from space 2560K, 98% used [0x00000000ef500000,0x00000000ef778040,0x00000000ef780000)
  to   space 10752K, 0% used [0x00000000f3d80000,0x00000000f3d80000,0x00000000f4800000)
 ParOldGen       total 42496K, used 15642K [0x00000000c2400000, 0x00000000c4d80000, 0x00000000eb700000)
  object space 42496K, 36% used [0x00000000c2400000,0x00000000c3346898,0x00000000c4d80000)
 Metaspace       used 16937K, capacity 17216K, committed 17536K, reserved 1064960K
  class space    used 2009K, capacity 2110K, committed 2176K, reserved 1048576K
Event: 3,436 GC heap after
Heap after GC invocations=6 (full 0):
 PSYoungGen      total 136704K, used 8432K [0x00000000eb700000, 0x00000000f4a00000, 0x0000000100000000)
  eden space 125952K, 0% used [0x00000000eb700000,0x00000000eb700000,0x00000000f3200000)
  from space 10752K, 78% used [0x00000000f3d80000,0x00000000f45bc030,0x00000000f4800000)
  to   space 11776K, 0% used [0x00000000f3200000,0x00000000f3200000,0x00000000f3d80000)
 ParOldGen       total 42496K, used 15650K [0x00000000c2400000, 0x00000000c4d80000, 0x00000000eb700000)
  object space 42496K, 36% used [0x00000000c2400000,0x00000000c3348898,0x00000000c4d80000)
 Metaspace       used 16937K, capacity 17216K, committed 17536K, reserved 1064960K
  class space    used 2009K, capacity 2110K, committed 2176K, reserved 1048576K
}
Event: 5,184 GC heap before
{Heap before GC invocations=7 (full 0):
 PSYoungGen      total 136704K, used 134384K [0x00000000eb700000, 0x00000000f4a00000, 0x0000000100000000)
  eden space 125952K, 100% used [0x00000000eb700000,0x00000000f3200000,0x00000000f3200000)
  from space 10752K, 78% used [0x00000000f3d80000,0x00000000f45bc030,0x00000000f4800000)
  to   space 11776K, 0% used [0x00000000f3200000,0x00000000f3200000,0x00000000f3d80000)
 ParOldGen       total 42496K, used 15650K [0x00000000c2400000, 0x00000000c4d80000, 0x00000000eb700000)
  object space 42496K, 36% used [0x00000000c2400000,0x00000000c3348898,0x00000000c4d80000)
 Metaspace       used 19032K, capacity 19644K, committed 19840K, reserved 1067008K
  class space    used 2183K, capacity 2338K, committed 2432K, reserved 1048576K

